#
# An unexpected error has been detected by Java Runtime Environment:
#
#  EXCEPTION_ACCESS_VIOLATION (0xc0000005) at pc=0x78728d46, pid=5352, tid=2020
#
# Java VM: Java HotSpot(TM) Client VM (1.6.0-b105 mixed mode)
# Problematic frame:
# C  [hg.dll+0xa8d46]
#
# If you would like to submit a bug report, please visit:
#   http://java.sun.com/webapps/bugreport/crash.jsp
#

---------------  T H R E A D  ---------------

Current thread (0x025ccc00):  JavaThread "main" [_thread_in_native, id=2020]

siginfo: ExceptionCode=0xc0000005, reading address 0x00000120

Registers:
EAX=0x00000000, EBX=0x00ce763f, ECX=0x00000064, EDX=0x00000000
ESP=0x00ce75f0, EBP=0x00ce75f0, ESI=0x78777820, EDI=0x00ce7634
EIP=0x78728d46, EFLAGS=0x00010246

Top of Stack: (sp=0x00ce75f0)
0x00ce75f0:   00ce7608 787382b2 00000000 00000000
0x00ce7600:   00000000 7a649000 00ce7640 78738475
0x00ce7610:   00000000 78777820 00ce7630 00ce7634
0x00ce7620:   00ce763f 00ce7638 00000000 0358e820
0x00ce7630:   78777820 00000000 00000000 00000001
0x00ce7640:   00ce7660 786ebd59 00000000 78777820
0x00ce7650:   0358e820 0163b778 01640068 18222f10
0x00ce7660:   00ce767c 786ebdc0 023c0720 7b05155c 

Instructions: (pc=0x78728d46)
0x78728d36:   8b 80 88 01 00 00 5d c3 cc cc 55 8b ec 8b 45 08
0x78728d46:   8b 80 20 01 00 00 5d c3 cc cc 55 8b ec 8b 55 08 


Stack: [0x004f0000,0x00cf0000),  sp=0x00ce75f0,  free space=8157k
Native frames: (J=compiled Java code, j=interpreted, Vv=VM code, C=native code)
C  [hg.dll+0xa8d46]
C  [hg.dll+0xb82b2]
C  [hg.dll+0xb8475]
C  [hg.dll+0x6bd59]
C  [hg.dll+0x6bdc0]
C  [jmi.dll+0x1e94a]
j  com.mathworks.jmi.NativeMatlab.processPendingEvents()Z+8
j  com.mathworks.jmi.Matlab$ProcessPendingEvents.callBooleanMethod(Ljava/lang/Object;)Z+0
j  com.mathworks.util.FactoryUtils.processPendingEvents()Z+12
j  com.mathworks.mde.desk.MLDesktop.canClose()Z+84
v  ~StubRoutines::call_stub

Java frames: (J=compiled Java code, j=interpreted, Vv=VM code)
j  com.mathworks.jmi.NativeMatlab.ProcessPendingEvents()Z+0
j  com.mathworks.jmi.NativeMatlab.processPendingEvents()Z+8
j  com.mathworks.jmi.Matlab$ProcessPendingEvents.callBooleanMethod(Ljava/lang/Object;)Z+0
j  com.mathworks.util.FactoryUtils.processPendingEvents()Z+12
j  com.mathworks.mde.desk.MLDesktop.canClose()Z+84
v  ~StubRoutines::call_stub
j  sun.reflect.NativeMethodAccessorImpl.invoke0(Ljava/lang/reflect/Method;Ljava/lang/Object;[Ljava/lang/Object;)Ljava/lang/Object;+0
j  sun.reflect.NativeMethodAccessorImpl.invoke(Ljava/lang/Object;[Ljava/lang/Object;)Ljava/lang/Object;+87
J  sun.reflect.DelegatingMethodAccessorImpl.invoke(Ljava/lang/Object;[Ljava/lang/Object;)Ljava/lang/Object;
J  java.lang.reflect.Method.invoke(Ljava/lang/Object;[Ljava/lang/Object;)Ljava/lang/Object;
j  com.mathworks.jmi.Matlab.isOkToExit()Z+71
v  ~StubRoutines::call_stub
j  com.mathworks.jmi.NativeMatlab.SendMatlabMessage(Ljava/lang/Object;)Ljava/lang/Object;+0
j  com.mathworks.jmi.NativeMatlab.sendMatlabMessage(Ljava/lang/Object;)Ljava/lang/Object;+22
j  com.mathworks.jmi.MatlabLooper.sendMatlabMessage(Lcom/mathworks/services/message/MWMessage;)Ljava/lang/Object;+20
j  com.mathworks.jmi.Matlab.mtFevalConsoleOutput(Ljava/lang/String;[Ljava/lang/Object;I)Ljava/lang/Object;+48
j  com.mathworks.mde.desk.MLDesktop$5.run()V+14
j  com.mathworks.jmi.NativeMatlab.dispatchMTRequests(Z)V+50
v  ~StubRoutines::call_stub

---------------  P R O C E S S  ---------------

Java Threads: ( => current thread )
  0x0854c000 JavaThread "Active Reference Queue Daemon" daemon [_thread_blocked, id=4648]
  0x083ed400 JavaThread "Timer-3" daemon [_thread_blocked, id=2880]
  0x08518000 JavaThread "Prefs Updater" [_thread_blocked, id=1464]
  0x08505c00 JavaThread "Timer-1" daemon [_thread_blocked, id=452]
  0x083b8c00 JavaThread "TimerQueue" daemon [_thread_blocked, id=4668]
  0x08169000 JavaThread "AWT-EventQueue-0" [_thread_blocked, id=3880]
  0x08168400 JavaThread "AWT-Shutdown" [_thread_blocked, id=580]
  0x079a2c00 JavaThread "Timer-0" [_thread_blocked, id=5228]
  0x05e52c00 JavaThread "AWT-Windows" daemon [_thread_in_native, id=5240]
  0x05e4d800 JavaThread "Java2D Disposer" daemon [_thread_blocked, id=1000]
  0x05df7800 JavaThread "Low Memory Detector" daemon [_thread_blocked, id=4220]
  0x05df2c00 JavaThread "CompilerThread0" daemon [_thread_blocked, id=1600]
  0x05dee800 JavaThread "Attach Listener" daemon [_thread_blocked, id=6076]
  0x05dedc00 JavaThread "Signal Dispatcher" daemon [_thread_blocked, id=2200]
  0x05dd9800 JavaThread "Finalizer" daemon [_thread_blocked, id=4764]
  0x05dd8800 JavaThread "Reference Handler" daemon [_thread_blocked, id=2508]
=>0x025ccc00 JavaThread "main" [_thread_in_native, id=2020]

Other Threads:
  0x05dd5800 VMThread [id=2044]
  0x05e02400 WatcherThread [id=6024]

VM state:not at safepoint (normal execution)

VM Mutex/Monitor currently owned by a thread: None

Heap
 def new generation   total 14784K, used 1619K [0x10010000, 0x11010000, 0x12010000)
  eden space 13184K,   1% used [0x10010000, 0x1003c158, 0x10cf0000)
  from space 1600K,  90% used [0x10cf0000, 0x10e58bd0, 0x10e80000)
  to   space 1600K,   0% used [0x10e80000, 0x10e80000, 0x11010000)
 tenured generation   total 49152K, used 47739K [0x12010000, 0x15010000, 0x18010000)
   the space 49152K,  97% used [0x12010000, 0x14eaed20, 0x14eaee00, 0x15010000)
 compacting perm gen  total 32768K, used 24617K [0x18010000, 0x1a010000, 0x1c010000)
   the space 32768K,  75% used [0x18010000, 0x1981a488, 0x1981a600, 0x1a010000)
No shared spaces configured.

Dynamic libraries:
0x00400000 - 0x004eb000 	C:\Program Files\MATLAB\R2007b\bin\win32\matlab.exe
0x7c920000 - 0x7c9b4000 	C:\WINDOWS\system32\ntdll.dll
0x7c800000 - 0x7c91f000 	C:\WINDOWS\system32\kernel32.dll
0x7aca0000 - 0x7aeba000 	C:\Program Files\MATLAB\R2007b\bin\win32\libmwservices.dll
0x7aec0000 - 0x7af1d000 	C:\Program Files\MATLAB\R2007b\bin\win32\libmwmathutil.dll
0x7ac50000 - 0x7ac9f000 	C:\Program Files\MATLAB\R2007b\bin\win32\libmx.dll
0x7ab80000 - 0x7ac4e000 	C:\Program Files\MATLAB\R2007b\bin\win32\libut.dll
0x76c60000 - 0x76c88000 	C:\WINDOWS\system32\imagehlp.dll
0x77be0000 - 0x77c38000 	C:\WINDOWS\system32\msvcrt.dll
0x76bc0000 - 0x76bcb000 	C:\WINDOWS\system32\PSAPI.DLL
0x789a0000 - 0x78b62000 	C:\Program Files\MATLAB\R2007b\bin\win32\xerces-c_2_7.dll
0x7af20000 - 0x7aff7000 	C:\Program Files\MATLAB\R2007b\bin\win32\icuuc36.dll
0x77da0000 - 0x77e47000 	C:\WINDOWS\system32\ADVAPI32.dll
0x77e50000 - 0x77ee2000 	C:\WINDOWS\system32\RPCRT4.dll
0x77fc0000 - 0x77fd1000 	C:\WINDOWS\system32\Secur32.dll
0x7a770000 - 0x7a774000 	C:\Program Files\MATLAB\R2007b\bin\win32\icudt36.dll
0x78130000 - 0x781cb000 	C:\WINDOWS\WinSxS\x86_Microsoft.VC80.CRT_1fc8b3b9a1e18e3b_8.0.50727.1433_x-ww_5cf844d2\MSVCR80.dll
0x71a10000 - 0x71a27000 	C:\WINDOWS\system32\WS2_32.dll
0x71a00000 - 0x71a08000 	C:\WINDOWS\system32\WS2HELP.dll
0x7a9e0000 - 0x7aaa2000 	C:\Program Files\MATLAB\R2007b\bin\win32\icuin36.dll
0x7a780000 - 0x7a78c000 	C:\Program Files\MATLAB\R2007b\bin\win32\icuio36.dll
0x7c420000 - 0x7c4a7000 	C:\WINDOWS\WinSxS\x86_Microsoft.VC80.CRT_1fc8b3b9a1e18e3b_8.0.50727.1433_x-ww_5cf844d2\MSVCP80.dll
0x77d10000 - 0x77d9f000 	C:\WINDOWS\system32\USER32.dll
0x77ef0000 - 0x77f39000 	C:\WINDOWS\system32\GDI32.dll
0x78620000 - 0x78632000 	C:\Program Files\MATLAB\R2007b\bin\win32\zlib1.dll
0x79120000 - 0x79154000 	C:\Program Files\MATLAB\R2007b\bin\win32\mpath.dll
0x5c820000 - 0x5c8ba000 	C:\WINDOWS\system32\COMCTL32.dll
0x76320000 - 0x76367000 	C:\WINDOWS\system32\comdlg32.dll
0x7d590000 - 0x7dd85000 	C:\WINDOWS\system32\SHELL32.dll
0x77f40000 - 0x77fb6000 	C:\WINDOWS\system32\SHLWAPI.dll
0x69a00000 - 0x69a55000 	C:\WINDOWS\system32\NETAPI32.dll
0x796e0000 - 0x79713000 	C:\Program Files\MATLAB\R2007b\bin\win32\mcr.dll
0x78500000 - 0x78518000 	C:\Program Files\MATLAB\R2007b\bin\win32\bridge.dll
0x7a790000 - 0x7a79d000 	C:\Program Files\MATLAB\R2007b\bin\win32\iqm.dll
0x7a7b0000 - 0x7a7be000 	C:\Program Files\MATLAB\R2007b\bin\win32\libmex.dll
0x79550000 - 0x795a4000 	C:\Program Files\MATLAB\R2007b\bin\win32\m_dispatcher.dll
0x78520000 - 0x7853c000 	C:\Program Files\MATLAB\R2007b\bin\win32\datasvcs.dll
0x79c60000 - 0x7a0f2000 	C:\Program Files\MATLAB\R2007b\bin\win32\m_interpreter.dll
0x78540000 - 0x78560000 	C:\Program Files\MATLAB\R2007b\bin\win32\libmat.dll
0x7aab0000 - 0x7ab78000 	C:\Program Files\MATLAB\R2007b\bin\win32\libhdf5.dll
0x7a810000 - 0x7a819000 	C:\Program Files\MATLAB\R2007b\bin\win32\libmwmathrng.dll
0x790e0000 - 0x79111000 	C:\Program Files\MATLAB\R2007b\bin\win32\m_ir.dll
0x79790000 - 0x79c58000 	C:\Program Files\MATLAB\R2007b\bin\win32\m_parser.dll
0x7a7a0000 - 0x7a7ac000 	C:\Program Files\MATLAB\R2007b\bin\win32\ir_xfmr.dll
0x782e0000 - 0x783df000 	C:\Program Files\MATLAB\R2007b\bin\win32\mcos.dll
0x7a840000 - 0x7a84a000 	C:\Program Files\MATLAB\R2007b\bin\win32\mtok.dll
0x78580000 - 0x78595000 	C:\Program Files\MATLAB\R2007b\bin\win32\m_pcodegen.dll
0x785a0000 - 0x785b2000 	C:\Program Files\MATLAB\R2007b\bin\win32\m_pcodeio.dll
0x79460000 - 0x794a7000 	C:\Program Files\MATLAB\R2007b\bin\win32\profiler.dll
0x7a760000 - 0x7a76d000 	C:\Program Files\MATLAB\R2007b\bin\win32\boost_thread-vc80-mt-1_33_1.dll
0x7a640000 - 0x7a6c8000 	C:\Program Files\MATLAB\R2007b\bin\win32\udd.dll
0x79410000 - 0x79458000 	C:\Program Files\MATLAB\R2007b\bin\win32\comcli.dll
0x79020000 - 0x79055000 	C:\Program Files\MATLAB\R2007b\bin\win32\jmi.dll
0x71a30000 - 0x71a3b000 	C:\WINDOWS\system32\WSOCK32.dll
0x7a6d0000 - 0x7a75b000 	C:\Program Files\MATLAB\R2007b\bin\win32\uiw.dll
0x7b000000 - 0x7b0d6000 	C:\Program Files\MATLAB\R2007b\bin\win32\libmwgui.dll
0x78d40000 - 0x78d6a000 	C:\Program Files\MATLAB\R2007b\bin\win32\libmwhardcopy.dll
0x790a0000 - 0x790d2000 	C:\Program Files\MATLAB\R2007b\bin\win32\libuij.dll
0x7a880000 - 0x7a889000 	C:\Program Files\MATLAB\R2007b\bin\win32\uinone.dll
0x781d0000 - 0x782df000 	C:\WINDOWS\WinSxS\x86_Microsoft.VC80.MFC_1fc8b3b9a1e18e3b_8.0.50727.762_x-ww_3bf8fa05\MFC80.DLL
0x72f70000 - 0x72f96000 	C:\WINDOWS\system32\WINSPOOL.DRV
0x76990000 - 0x76acd000 	C:\WINDOWS\system32\ole32.dll
0x770f0000 - 0x7717b000 	C:\WINDOWS\system32\OLEAUT32.dll
0x7c630000 - 0x7c64b000 	C:\WINDOWS\WinSxS\x86_Microsoft.VC80.ATL_1fc8b3b9a1e18e3b_8.0.50727.762_x-ww_cbb27474\ATL80.DLL
0x78680000 - 0x787e8000 	C:\Program Files\MATLAB\R2007b\bin\win32\hg.dll
0x787f0000 - 0x7899e000 	C:\Program Files\MATLAB\R2007b\bin\win32\numerics.dll
0x7a7c0000 - 0x7a7c7000 	C:\Program Files\MATLAB\R2007b\bin\win32\libmwamd.dll
0x794b0000 - 0x79508000 	C:\Program Files\MATLAB\R2007b\bin\win32\libmwcholmod.dll
0x7a7f0000 - 0x7a7f7000 	C:\Program Files\MATLAB\R2007b\bin\win32\libmwcolamd.dll
0x78560000 - 0x7857a000 	C:\Program Files\MATLAB\R2007b\bin\win32\libmwlapack.dll
0x7a7d0000 - 0x7a7dc000 	C:\Program Files\MATLAB\R2007b\bin\win32\libmwbinder.dll
0x7a7e0000 - 0x7a7e9000 	C:\Program Files\MATLAB\R2007b\bin\win32\libmwblas.dll
0x7a800000 - 0x7a807000 	C:\Program Files\MATLAB\R2007b\bin\win32\libmwcsparse.dll
0x78d70000 - 0x78d96000 	C:\Program Files\MATLAB\R2007b\bin\win32\libmwma57.dll
0x7a930000 - 0x7a9d9000 	C:\Program Files\MATLAB\R2007b\bin\win32\libifcoremd.dll
0x79160000 - 0x7940c000 	C:\Program Files\MATLAB\R2007b\bin\win32\libmmd.dll
0x79670000 - 0x796dc000 	C:\Program Files\MATLAB\R2007b\bin\win32\libmwumfpack.dll
0x7a5b0000 - 0x7a638000 	C:\Program Files\MATLAB\R2007b\bin\win32\libfftw3.dll
0x7a890000 - 0x7a92c000 	C:\Program Files\MATLAB\R2007b\bin\win32\libfftw3f.dll
0x7a830000 - 0x7a83b000 	C:\Program Files\MATLAB\R2007b\bin\win32\mlautoregister.dll
0x785c0000 - 0x785d2000 	C:\Program Files\MATLAB\R2007b\bin\win32\mwoles05.DLL
0x79720000 - 0x79785000 	C:\Program Files\MATLAB\R2007b\bin\win32\udd_mi.dll
0x76300000 - 0x7631d000 	C:\WINDOWS\system32\IMM32.DLL
0x621f0000 - 0x621f9000 	C:\WINDOWS\system32\LPK.DLL
0x73fa0000 - 0x7400b000 	C:\WINDOWS\system32\USP10.dll
0x77180000 - 0x77283000 	C:\WINDOWS\WinSxS\x86_Microsoft.Windows.Common-Controls_6595b64144ccf1df_6.0.2600.5512_x-ww_35d4ce83\comctl32.dll
0x5d360000 - 0x5d36b000 	C:\WINDOWS\WinSxS\x86_Microsoft.VC80.MFCLOC_1fc8b3b9a1e18e3b_8.0.50727.762_x-ww_91481303\MFC80CHT.DLL
0x7a100000 - 0x7a5b0000 	C:\Program Files\MATLAB\R2007b\bin\win32\mllapack.dll
0x7b3f0000 - 0x7bcc7000 	C:\Program Files\MATLAB\R2007b\bin\win32\mkl.dll
0x79060000 - 0x79095000 	C:\Program Files\MATLAB\R2007b\bin\win32\libguide40.dll
0x7b0e0000 - 0x7b0e5000 	C:\Program Files\MATLAB\R2007b\bin\win32\mklcompat.dll
0x02400000 - 0x0241b000 	C:\Program Files\Common Files\Logishrd\LVMVFM\LVPrcInj.dll
0x636e0000 - 0x63709000 	C:\Program Files\Spyware Doctor\smum32.dll
0x5a000000 - 0x5a01f000 	C:\Program Files\Spyware Doctor\klg.dat
0x5a410000 - 0x5a447000 	C:\WINDOWS\system32\uxtheme.dll
0x74680000 - 0x746cc000 	C:\WINDOWS\system32\MSCTF.dll
0x10000000 - 0x1000a000 	C:\Program Files\Inventec\Dreye\DreyeMT\msnhook.dll
0x00350000 - 0x0035e000 	C:\Program Files\Inventec\Dreye\DreyeMT\DreyeMT.dll
0x5f800000 - 0x5f8f2000 	C:\WINDOWS\system32\MFC42u.DLL
0x611c0000 - 0x611c9000 	C:\WINDOWS\system32\MFC42LOC.DLL
0x73640000 - 0x7366e000 	C:\WINDOWS\system32\msctfime.ime
0x3c8a0000 - 0x3c8c9000 	C:\WINDOWS\system32\IMTCP12.IME
0x741f0000 - 0x741f4000 	C:\WINDOWS\system32\icmp.Dll
0x76d30000 - 0x76d48000 	C:\WINDOWS\system32\iphlpapi.dll
0x78dd0000 - 0x79017000 	C:\Program Files\MATLAB\R2007b\sys\java\jre\win32\jre1.6.0\bin\client\jvm.dll
0x76b10000 - 0x76b3a000 	C:\WINDOWS\system32\WINMM.dll
0x795b0000 - 0x79606000 	C:\Program Files\MATLAB\R2007b\bin\win32\MSVCR71.dll
0x03790000 - 0x03849000 	C:\PROGRA~1\COMMON~1\MICROS~1\IME12\IMETC\IMTCCORE.DLL
0x77bd0000 - 0x77bd8000 	C:\WINDOWS\system32\VERSION.dll
0x76fa0000 - 0x7701f000 	C:\WINDOWS\system32\CLBCATQ.DLL
0x77020000 - 0x770bb000 	C:\WINDOWS\system32\COMRes.dll
0x025f0000 - 0x02623000 	C:\PROGRA~1\COMMON~1\MICROS~1\IME12\IMETC\IMTCCFG.DLL
0x79510000 - 0x79518000 	C:\Program Files\MATLAB\R2007b\sys\java\jre\win32\jre1.6.0\bin\hpi.dll
0x03a80000 - 0x03b01000 	C:\Program Files\Common Files\Microsoft Shared\ime12\Imetc\IMTCUI.DLL
0x74be0000 - 0x74c0c000 	C:\WINDOWS\system32\OLEACC.dll
0x780c0000 - 0x78121000 	C:\Program Files\MATLAB\R2007b\bin\win32\MSVCP60.dll
0x79530000 - 0x7953c000 	C:\Program Files\MATLAB\R2007b\sys\java\jre\win32\jre1.6.0\bin\verify.dll
0x03c40000 - 0x03c55000 	C:\WINDOWS\system32\btmmhook.dll
0x78640000 - 0x7865f000 	C:\Program Files\MATLAB\R2007b\sys\java\jre\win32\jre1.6.0\bin\java.dll
0x79540000 - 0x7954f000 	C:\Program Files\MATLAB\R2007b\sys\java\jre\win32\jre1.6.0\bin\zip.dll
0x78b70000 - 0x78d33000 	C:\Program Files\MATLAB\R2007b\sys\java\jre\win32\jre1.6.0\bin\awt.dll
0x785e0000 - 0x785f2000 	C:\Program Files\MATLAB\R2007b\bin\win32\nativejava.dll
0x78600000 - 0x78611000 	C:\Program Files\MATLAB\R2007b\bin\win32\nativejmi.dll
0x7a870000 - 0x7a876000 	C:\Program Files\MATLAB\R2007b\bin\win32\nativeservices.dll
0x79610000 - 0x79663000 	C:\Program Files\MATLAB\R2007b\sys\java\jre\win32\jre1.6.0\bin\fontmanager.dll
0x78660000 - 0x78673000 	C:\Program Files\MATLAB\R2007b\sys\java\jre\win32\jre1.6.0\bin\net.dll
0x79520000 - 0x79529000 	C:\Program Files\MATLAB\R2007b\sys\java\jre\win32\jre1.6.0\bin\nio.dll
0x7a850000 - 0x7a85c000 	C:\Program Files\MATLAB\R2007b\bin\win32\nativecmdwin.dll

VM Arguments:
jvm_args: -Xss512k -XX:PermSize=32M -Xms64m -XX:NewRatio=3 -XX:MaxPermSize=64M -Xmx128m -XX:MaxDirectMemorySize=1200000000 -Dsun.java2d.noddraw=true -Dsun.awt.nopixfmt=true -Xshare:off -Djava.library.path=C:\Program Files\MATLAB\R2007b\bin\win32 vfprintf abort
java_command: <unknown>
Launcher Type: generic

Environment Variables:
JAVA_HOME=C:\Program Files\Java\jdk1.6.0_17
CLASSPATH=.;C:\Program Files\Java\jre6\lib\ext\QTJava.zip;C:\application\apache-ant-1.7.1-bin\apache-ant-1.7.1\lib
PATH=C:\Program Files\Microsoft DirectX SDK (March 2008)\Utilities\Bin\x86;C:\WINDOWS\system32;C:\WINDOWS;C:\WINDOWS\System32\Wbem;C:\Program Files\Microsoft SQL Server\90\Tools\binn\;C:\Program Files\Inventec\Dreye\DreyeSA\DreyeTTs\eTTS;C:\Program Files\MATLAB\R2007b\bin;C:\Program Files\MATLAB\R2007b\bin\win32;C:\Program Files\TortoiseSVN\bin;C:\Program Files\Common Files\Ulead Systems\MPEG;C:\Program Files\QuickTime\QTSystem\;C:\Program Files\Java\jdk1.6.0_17\bin;C:\Program Files\OpenCV\bin;C:\application\apache-ant-1.7.1-bin\apache-ant-1.7.1\bin;C:\Program Files\Common Files\Teleca Shared;C:\Program Files\OpenCV\bin;C:\OpenCV2.0\bin;C:\application\apache-ant-1.7.1-bin\apache-ant-1.7.1\bin;C:\Program Files\CMake 2.6\bin
USERNAME=claire
OS=Windows_NT
PROCESSOR_IDENTIFIER=x86 Family 6 Model 15 Stepping 13, GenuineIntel



---------------  S Y S T E M  ---------------

OS: Windows XP Build 2600 Service Pack 3

CPU:total 2 family 6, cmov, cx8, fxsr, mmx, sse, sse2

Memory: 4k page, physical 3135852k(1832188k free), swap 4194303k(3484236k free)

vm_info: Java HotSpot(TM) Client VM (1.6.0-b105) for windows-x86, built on Nov 29 2006 00:48:48 by "java_re" with unknown MS VC++:1310

